# JRE version: Java(TM) SE Runtime Environment (21.0.1+12) (build 21.0.1+12-LTS-29)
# Java VM: Java HotSpot(TM) 64-Bit Server VM (21.0.1+12-LTS-29, mixed mode, sharing, tiered, compressed oops, compressed class ptrs, g1 gc, windows-amd64)
GC Precious Log:
 CardTable entry size: 512
 Card Set container configuration: InlinePtr #cards 4 size 8 Array Of Cards #cards 16 size 48 Howl #buckets 8 coarsen threshold 3686 Howl Bitmap #cards 512 size 80 coarsen threshold 460 Card regions per heap region 1 cards per card region 4096
 CPUs: 16 total, 16 available
 Memory: 15628M
 Large Page Support: Disabled
 NUMA Support: Disabled
 Compressed Oops: Enabled (Zero based)
 Heap Region Size: 2M
 Heap Min Capacity: 8M
 Heap Initial Capacity: 246M
 Heap Max Capacity: 3908M
 Pre-touch: Disabled
 Parallel Workers: 13
 Concurrent Workers: 3
 Concurrent Refinement Workers: 13
 Periodic GC: Disabled
Heap:
 garbage-first heap   total 755712K, used 327465K [0x000000070bc00000, 0x0000000800000000)
  region size 2048K, 6 young (12288K), 6 survivors (12288K)
 Metaspace       used 356K, committed 576K, reserved 1114112K
  class space    used 16K, committed 128K, reserved 1048576K
GC Heap History (17 events):
Event: 0.083 GC heap before
{Heap before GC invocations=0 (full 0):
 garbage-first heap   total 251904K, used 22528K [0x000000070bc00000, 0x0000000800000000)
  region size 2048K, 11 young (22528K), 0 survivors (0K)
 Metaspace       used 281K, committed 448K, reserved 1114112K
  class space    used 14K, committed 128K, reserved 1048576K
}
Event: 0.090 GC heap after
{Heap after GC invocations=1 (full 0):
 garbage-first heap   total 251904K, used 17215K [0x000000070bc00000, 0x0000000800000000)
  region size 2048K, 2 young (4096K), 2 survivors (4096K)
 Metaspace       used 281K, committed 448K, reserved 1114112K
  class space    used 14K, committed 128K, reserved 1048576K
}
Event: 0.099 GC heap before
{Heap before GC invocations=1 (full 0):
 garbage-first heap   total 251904K, used 29503K [0x000000070bc00000, 0x0000000800000000)
  region size 2048K, 8 young (16384K), 2 survivors (4096K)
 Metaspace       used 288K, committed 448K, reserved 1114112K
  class space    used 14K, committed 128K, reserved 1048576K
}
Event: 0.105 GC heap after
{Heap after GC invocations=2 (full 0):
 garbage-first heap   total 251904K, used 28672K [0x000000070bc00000, 0x0000000800000000)
  region size 2048K, 1 young (2048K), 1 survivors (2048K)
 Metaspace       used 288K, committed 448K, reserved 1114112K
  class space    used 14K, committed 128K, reserved 1048576K
}
Event: 0.118 GC heap before
{Heap before GC invocations=2 (full 0):
 garbage-first heap   total 251904K, used 51200K [0x000000070bc00000, 0x0000000800000000)
  region size 2048K, 11 young (22528K), 1 survivors (2048K)
 Metaspace       used 311K, committed 448K, reserved 1114112K
  class space    used 14K, committed 128K, reserved 1048576K
}
Event: 0.126 GC heap after
{Heap after GC invocations=3 (full 0):
 garbage-first heap   total 251904K, used 48076K [0x000000070bc00000, 0x0000000800000000)
  region size 2048K, 2 young (4096K), 2 survivors (4096K)
 Metaspace       used 311K, committed 448K, reserved 1114112K
  class space    used 14K, committed 128K, reserved 1048576K
}
Event: 0.140 GC heap before
{Heap before GC invocations=3 (full 0):
 garbage-first heap   total 251904K, used 72652K [0x000000070bc00000, 0x0000000800000000)
  region size 2048K, 14 young (28672K), 2 survivors (4096K)
 Metaspace       used 320K, committed 448K, reserved 1114112K
  class space    used 14K, committed 128K, reserved 1048576K
}
Event: 0.150 GC heap after
{Heap after GC invocations=4 (full 0):
 garbage-first heap   total 251904K, used 70656K [0x000000070bc00000, 0x0000000800000000)
  region size 2048K, 2 young (4096K), 2 survivors (4096K)
 Metaspace       used 320K, committed 448K, reserved 1114112K
  class space    used 14K, committed 128K, reserved 1048576K
}
Event: 0.176 GC heap before
{Heap before GC invocations=4 (full 0):
 garbage-first heap   total 251904K, used 105472K [0x000000070bc00000, 0x0000000800000000)
  region size 2048K, 17 young (34816K), 2 survivors (4096K)
 Metaspace       used 336K, committed 512K, reserved 1114112K
  class space    used 14K, committed 128K, reserved 1048576K
}
Event: 0.190 GC heap after
{Heap after GC invocations=5 (full 0):
 garbage-first heap   total 755712K, used 101847K [0x000000070bc00000, 0x0000000800000000)
  region size 2048K, 3 young (6144K), 3 survivors (6144K)
 Metaspace       used 336K, committed 512K, reserved 1114112K
  class space    used 14K, committed 128K, reserved 1048576K
}
Event: 0.225 GC heap before
{Heap before GC invocations=5 (full 0):
 garbage-first heap   total 755712K, used 142807K [0x000000070bc00000, 0x0000000800000000)
  region size 2048K, 23 young (47104K), 3 survivors (6144K)
 Metaspace       used 356K, committed 576K, reserved 1114112K
  class space    used 16K, committed 128K, reserved 1048576K
}
Event: 0.236 GC heap after
{Heap after GC invocations=6 (full 0):
 garbage-first heap   total 755712K, used 139264K [0x000000070bc00000, 0x0000000800000000)
  region size 2048K, 3 young (6144K), 3 survivors (6144K)
 Metaspace       used 356K, committed 576K, reserved 1114112K
  class space    used 16K, committed 128K, reserved 1048576K
}
Event: 0.265 GC heap before
{Heap before GC invocations=6 (full 0):
 garbage-first heap   total 755712K, used 188416K [0x000000070bc00000, 0x0000000800000000)
  region size 2048K, 26 young (53248K), 3 survivors (6144K)
 Metaspace       used 356K, committed 576K, reserved 1114112K
  class space    used 16K, committed 128K, reserved 1048576K
}
Event: 0.279 GC heap after
{Heap after GC invocations=7 (full 0):
 garbage-first heap   total 755712K, used 183700K [0x000000070bc00000, 0x0000000800000000)
  region size 2048K, 4 young (8192K), 4 survivors (8192K)
 Metaspace       used 356K, committed 576K, reserved 1114112K
  class space    used 16K, committed 128K, reserved 1048576K
}
Event: 0.339 GC heap before
{Heap before GC invocations=7 (full 0):
 garbage-first heap   total 755712K, used 263572K [0x000000070bc00000, 0x0000000800000000)
  region size 2048K, 41 young (83968K), 4 survivors (8192K)
 Metaspace       used 356K, committed 576K, reserved 1114112K
  class space    used 16K, committed 128K, reserved 1048576K
}
Event: 0.354 GC heap after
{Heap after GC invocations=8 (full 0):
 garbage-first heap   total 755712K, used 259072K [0x000000070bc00000, 0x0000000800000000)
  region size 2048K, 6 young (12288K), 6 survivors (12288K)
 Metaspace       used 356K, committed 576K, reserved 1114112K
  class space    used 16K, committed 128K, reserved 1048576K
}
Event: 0.389 GC heap before
{Heap before GC invocations=8 (full 0):
 garbage-first heap   total 755712K, used 336896K [0x000000070bc00000, 0x0000000800000000)
  region size 2048K, 43 young (88064K), 6 survivors (12288K)
 Metaspace       used 356K, committed 576K, reserved 1114112K
  class space    used 16K, committed 128K, reserved 1048576K
}

