# JRE version: Java(TM) SE Runtime Environment (21.0.1+12) (build 21.0.1+12-LTS-29)
# Java VM: Java HotSpot(TM) 64-Bit Server VM (21.0.1+12-LTS-29, mixed mode, sharing, tiered, compressed oops, compressed class ptrs, g1 gc, windows-amd64)
GC Precious Log:
 CardTable entry size: 512
 Card Set container configuration: InlinePtr #cards 4 size 8 Array Of Cards #cards 16 size 48 Howl #buckets 8 coarsen threshold 3686 Howl Bitmap #cards 512 size 80 coarsen threshold 460 Card regions per heap region 1 cards per card region 4096
 CPUs: 16 total, 16 available
 Memory: 15628M
 Large Page Support: Disabled
 NUMA Support: Disabled
 Compressed Oops: Enabled (Zero based)
 Heap Region Size: 2M
 Heap Min Capacity: 8M
 Heap Initial Capacity: 246M
 Heap Max Capacity: 3908M
 Pre-touch: Disabled
 Parallel Workers: 13
 Concurrent Workers: 3
 Concurrent Refinement Workers: 13
 Periodic GC: Disabled
Heap:
 garbage-first heap   total 729088K, used 231424K [0x000000070bc00000, 0x0000000800000000)
  region size 2048K, 4 young (8192K), 4 survivors (8192K)
 Metaspace       used 357K, committed 576K, reserved 1114112K
  class space    used 16K, committed 128K, reserved 1048576K
GC Heap History (17 events):
Event: 0.103 GC heap before
{Heap before GC invocations=0 (full 0):
 garbage-first heap   total 251904K, used 22528K [0x000000070bc00000, 0x0000000800000000)
  region size 2048K, 11 young (22528K), 0 survivors (0K)
 Metaspace       used 281K, committed 448K, reserved 1114112K
  class space    used 14K, committed 128K, reserved 1048576K
}
Event: 0.110 GC heap after
{Heap after GC invocations=1 (full 0):
 garbage-first heap   total 251904K, used 18047K [0x000000070bc00000, 0x0000000800000000)
  region size 2048K, 2 young (4096K), 2 survivors (4096K)
 Metaspace       used 281K, committed 448K, reserved 1114112K
  class space    used 14K, committed 128K, reserved 1048576K
}
Event: 0.123 GC heap before
{Heap before GC invocations=1 (full 0):
 garbage-first heap   total 251904K, used 30335K [0x000000070bc00000, 0x0000000800000000)
  region size 2048K, 8 young (16384K), 2 survivors (4096K)
 Metaspace       used 288K, committed 448K, reserved 1114112K
  class space    used 14K, committed 128K, reserved 1048576K
}
Event: 0.129 GC heap after
{Heap after GC invocations=2 (full 0):
 garbage-first heap   total 251904K, used 29706K [0x000000070bc00000, 0x0000000800000000)
  region size 2048K, 1 young (2048K), 1 survivors (2048K)
 Metaspace       used 288K, committed 448K, reserved 1114112K
  class space    used 14K, committed 128K, reserved 1048576K
}
Event: 0.147 GC heap before
{Heap before GC invocations=2 (full 0):
 garbage-first heap   total 251904K, used 52234K [0x000000070bc00000, 0x0000000800000000)
  region size 2048K, 11 young (22528K), 1 survivors (2048K)
 Metaspace       used 298K, committed 448K, reserved 1114112K
  class space    used 14K, committed 128K, reserved 1048576K
}
Event: 0.154 GC heap after
{Heap after GC invocations=3 (full 0):
 garbage-first heap   total 251904K, used 49064K [0x000000070bc00000, 0x0000000800000000)
  region size 2048K, 2 young (4096K), 2 survivors (4096K)
 Metaspace       used 298K, committed 448K, reserved 1114112K
  class space    used 14K, committed 128K, reserved 1048576K
}
Event: 0.171 GC heap before
{Heap before GC invocations=3 (full 0):
 garbage-first heap   total 251904K, used 73640K [0x000000070bc00000, 0x0000000800000000)
  region size 2048K, 14 young (28672K), 2 survivors (4096K)
 Metaspace       used 319K, committed 448K, reserved 1114112K
  class space    used 14K, committed 128K, reserved 1048576K
}
Event: 0.181 GC heap after
{Heap after GC invocations=4 (full 0):
 garbage-first heap   total 251904K, used 71680K [0x000000070bc00000, 0x0000000800000000)
  region size 2048K, 2 young (4096K), 2 survivors (4096K)
 Metaspace       used 319K, committed 448K, reserved 1114112K
  class space    used 14K, committed 128K, reserved 1048576K
}
Event: 0.208 GC heap before
{Heap before GC invocations=4 (full 0):
 garbage-first heap   total 251904K, used 102400K [0x000000070bc00000, 0x0000000800000000)
  region size 2048K, 15 young (30720K), 2 survivors (4096K)
 Metaspace       used 331K, committed 512K, reserved 1114112K
  class space    used 14K, committed 128K, reserved 1048576K
}
Event: 0.499 GC heap after
{Heap after GC invocations=5 (full 0):
 garbage-first heap   total 729088K, used 99801K [0x000000070bc00000, 0x0000000800000000)
  region size 2048K, 2 young (4096K), 2 survivors (4096K)
 Metaspace       used 331K, committed 512K, reserved 1114112K
  class space    used 14K, committed 128K, reserved 1048576K
}
Event: 0.527 GC heap before
{Heap before GC invocations=5 (full 0):
 garbage-first heap   total 729088K, used 130521K [0x000000070bc00000, 0x0000000800000000)
  region size 2048K, 17 young (34816K), 2 survivors (4096K)
 Metaspace       used 331K, committed 512K, reserved 1114112K
  class space    used 14K, committed 128K, reserved 1048576K
}
Event: 0.562 GC heap after
{Heap after GC invocations=6 (full 0):
 garbage-first heap   total 729088K, used 127300K [0x000000070bc00000, 0x0000000800000000)
  region size 2048K, 3 young (6144K), 3 survivors (6144K)
 Metaspace       used 331K, committed 512K, reserved 1114112K
  class space    used 14K, committed 128K, reserved 1048576K
}
Event: 0.583 GC heap before
{Heap before GC invocations=6 (full 0):
 garbage-first heap   total 729088K, used 155972K [0x000000070bc00000, 0x0000000800000000)
  region size 2048K, 17 young (34816K), 3 survivors (6144K)
 Metaspace       used 357K, committed 576K, reserved 1114112K
  class space    used 16K, committed 128K, reserved 1048576K
}
Event: 0.607 GC heap after
{Heap after GC invocations=7 (full 0):
 garbage-first heap   total 729088K, used 152955K [0x000000070bc00000, 0x0000000800000000)
  region size 2048K, 3 young (6144K), 3 survivors (6144K)
 Metaspace       used 357K, committed 576K, reserved 1114112K
  class space    used 16K, committed 128K, reserved 1048576K
}
Event: 0.628 GC heap before
{Heap before GC invocations=7 (full 0):
 garbage-first heap   total 729088K, used 185723K [0x000000070bc00000, 0x0000000800000000)
  region size 2048K, 18 young (36864K), 3 survivors (6144K)
 Metaspace       used 357K, committed 576K, reserved 1114112K
  class space    used 16K, committed 128K, reserved 1048576K
}
Event: 0.661 GC heap after
{Heap after GC invocations=8 (full 0):
 garbage-first heap   total 729088K, used 182022K [0x000000070bc00000, 0x0000000800000000)
  region size 2048K, 3 young (6144K), 3 survivors (6144K)
 Metaspace       used 357K, committed 576K, reserved 1114112K
  class space    used 16K, committed 128K, reserved 1048576K
}
Event: 0.703 GC heap before
{Heap before GC invocations=8 (full 0):
 garbage-first heap   total 729088K, used 235270K [0x000000070bc00000, 0x0000000800000000)
  region size 2048K, 27 young (55296K), 3 survivors (6144K)
 Metaspace       used 357K, committed 576K, reserved 1114112K
  class space    used 16K, committed 128K, reserved 1048576K
}

